INFO: Start of Translation:	19-Nov-2025 1:56:41 PM

INFO: Header : Author::Arthur
INFO: Header : Authorization::Unknown
INFO: Header : Description::STEP AP214
INFO: Header : File Name::arduino nano.STEP
INFO: Header : Implementation Level::1
INFO: Header : Organization::Unknown
INFO: Header : Originating System::SolidWorks 2015
INFO: Header : Preprocessor Version::SwSTEP 2.0
INFO: Header : Schema::AUTOMOTIVE_DESIGN
INFO: Header : Time Stamp::2017-08-21T18:14:49
INFO: Begin CAD File Read 'C:/Users/mande/OneDrive - UGent/Documenten/Ugent 2025-2026/Ontwerp van slimme producten/Case 7/arduino nano.STEP'

INFO:       Summary of STEP Entities
INFO: 
INFO: Entity Type                                                   Count
INFO: -----------                                                   ------
INFO: advanced_brep_shape_representation .......................:   18
INFO: advanced_face ............................................:   5124
INFO: application_context ......................................:   42
INFO: application_protocol_definition ..........................:   42
INFO: axis2_placement_3d .......................................:   8426
INFO: b_spline_curve_with_knots ................................:   1224
INFO: b_spline_curve_with_knots_and_rational_b_spline_curve ....:   120
INFO: b_spline_surface_with_knots ..............................:   293
INFO: b_spline_surface_with_knots_and_rational_b_spline_surface :   112
INFO: cartesian_point ..........................................:   46699
INFO: circle ...................................................:   3667
INFO: closed_shell .............................................:   37
INFO: colour_rgb ...............................................:   3377
INFO: conical_surface ..........................................:   4
INFO: context_dependent_shape_representation ...................:   35
INFO: cylindrical_surface ......................................:   1264
INFO: direction ................................................:   25044
INFO: edge_curve ...............................................:   13203
INFO: edge_loop ................................................:   5462
INFO: face_bound ...............................................:   338
INFO: face_outer_bound .........................................:   5124
INFO: fill_area_style ..........................................:   3377
INFO: fill_area_style_colour ...................................:   3377
INFO: geometric_representation_context_and_global_uncertainty_a :   3398
INFO: item_defined_transformation ..............................:   35
INFO: length_unit_and_si_unit ..................................:   3398
INFO: line .....................................................:   8192
INFO: manifold_solid_brep ......................................:   37
INFO: mechanical_design_geometric_presentation_representation ..:   3377
INFO: next_assembly_usage_occurrence ...........................:   35
INFO: oriented_edge ............................................:   26406
INFO: plane ....................................................:   2767
INFO: plane_angle_unit_and_si_unit .............................:   3398
INFO: presentation_layer_assignment ............................:   3377
INFO: presentation_style_assignment ............................:   3377
INFO: product ..................................................:   21
INFO: product_context ..........................................:   21
INFO: product_definition .......................................:   21
INFO: product_definition_context ...............................:   21
INFO: product_definition_formation_with_specified_source .......:   21
INFO: product_definition_shape .................................:   56
INFO: product_related_product_category .........................:   21
INFO: representation_relationship_with_transformation_and_shape :   35
INFO: shape_definition_representation ..........................:   21
INFO: shape_representation .....................................:   21
INFO: shape_representation_relationship ........................:   18
INFO: si_unit_and_solid_angle_unit .............................:   3398
INFO: spherical_surface ........................................:   25
INFO: styled_item ..............................................:   3377
INFO: surface_side_style .......................................:   3377
INFO: surface_style_fill_area ..................................:   3377
INFO: surface_style_usage ......................................:   3377
INFO: toroidal_surface .........................................:   659
INFO: uncertainty_measure_with_unit ............................:   3398
INFO: vector ...................................................:   8192
INFO: vertex_point .............................................:   8445
INFO:                                                              -------
INFO: Total                                                         222108


INFO: Creating the NX Part:	19-Nov-2025 1:57:06 PM
INFO: Creating Part ..:	C:\Users\mande\OneDrive - UGent\Documenten\Ugent 2025-2026\Ontwerp van slimme producten\Case 7\nano-board_step.prt


INFO: Summary of NX Entities

INFO: Entity Type                                                   Count
INFO: -----------                                                   ------
INFO: Solid/Sheet..............................................:	1
INFO:                                                              -------
INFO: Total                                                    :	1


INFO: Creating the NX Part:	19-Nov-2025 1:57:06 PM
INFO: Creating Part ..:	C:\Users\mande\OneDrive - UGent\Documenten\Ugent 2025-2026\Ontwerp van slimme producten\Case 7\arduino nano_step.prt


INFO: Summary of NX Entities

INFO: Entity Type                                                   Count
INFO: -----------                                                   ------
INFO: Component................................................:	26
INFO:                                                              -------
INFO: Total                                                    :	26


INFO: Creating the NX Part:	19-Nov-2025 1:57:06 PM
INFO: Creating Part ..:	C:\Users\mande\OneDrive - UGent\Documenten\Ugent 2025-2026\Ontwerp van slimme producten\Case 7\2pin_header__02_step.prt


INFO: Summary of NX Entities

INFO: Entity Type                                                   Count
INFO: -----------                                                   ------
INFO: Solid/Sheet..............................................:	1
INFO:                                                              -------
INFO: Total                                                    :	1


INFO: Creating the NX Part:	19-Nov-2025 1:57:06 PM
INFO: Creating Part ..:	C:\Users\mande\OneDrive - UGent\Documenten\Ugent 2025-2026\Ontwerp van slimme producten\Case 7\15pin_header___step.prt


INFO: Summary of NX Entities

INFO: Entity Type                                                   Count
INFO: -----------                                                   ------
INFO: Solid/Sheet..............................................:	1
INFO:                                                              -------
INFO: Total                                                    :	1


INFO: Creating the NX Part:	19-Nov-2025 1:57:07 PM
INFO: Creating Part ..:	C:\Users\mande\OneDrive - UGent\Documenten\Ugent 2025-2026\Ontwerp van slimme producten\Case 7\atmega328_step.prt


INFO: Summary of NX Entities

INFO: Entity Type                                                   Count
INFO: -----------                                                   ------
INFO: Solid/Sheet..............................................:	1
INFO:                                                              -------
INFO: Total                                                    :	1


INFO: Creating the NX Part:	19-Nov-2025 1:57:09 PM
INFO: Creating Part ..:	C:\Users\mande\OneDrive - UGent\Documenten\Ugent 2025-2026\Ontwerp van slimme producten\Case 7\ftdi FT232rl_step.prt


INFO: Summary of NX Entities

INFO: Entity Type                                                   Count
INFO: -----------                                                   ------
INFO: Solid/Sheet..............................................:	1
INFO:                                                              -------
INFO: Total                                                    :	1


INFO: Creating the NX Part:	19-Nov-2025 1:57:09 PM
INFO: Creating Part ..:	C:\Users\mande\OneDrive - UGent\Documenten\Ugent 2025-2026\Ontwerp van slimme producten\Case 7\smt_resistor222_step.prt


INFO: Summary of NX Entities

INFO: Entity Type                                                   Count
INFO: -----------                                                   ------
INFO: Solid/Sheet..............................................:	1
INFO:                                                              -------
INFO: Total                                                    :	1


INFO: Creating the NX Part:	19-Nov-2025 1:57:10 PM
INFO: Creating Part ..:	C:\Users\mande\OneDrive - UGent\Documenten\Ugent 2025-2026\Ontwerp van slimme producten\Case 7\led_step.prt


INFO: Summary of NX Entities

INFO: Entity Type                                                   Count
INFO: -----------                                                   ------
INFO: Solid/Sheet..............................................:	2
INFO:                                                              -------
INFO: Total                                                    :	2


INFO: Creating the NX Part:	19-Nov-2025 1:57:10 PM
INFO: Creating Part ..:	C:\Users\mande\OneDrive - UGent\Documenten\Ugent 2025-2026\Ontwerp van slimme producten\Case 7\16mhz crystal - measured_step.prt


INFO: Summary of NX Entities

INFO: Entity Type                                                   Count
INFO: -----------                                                   ------
INFO: Solid/Sheet..............................................:	1
INFO:                                                              -------
INFO: Total                                                    :	1


INFO: Creating the NX Part:	19-Nov-2025 1:57:10 PM
INFO: Creating Part ..:	C:\Users\mande\OneDrive - UGent\Documenten\Ugent 2025-2026\Ontwerp van slimme producten\Case 7\MINIUSB - MEASURED_step.prt


INFO: Summary of NX Entities

INFO: Entity Type                                                   Count
INFO: -----------                                                   ------
INFO: Component................................................:	7
INFO:                                                              -------
INFO: Total                                                    :	7


INFO: Creating the NX Part:	19-Nov-2025 1:57:10 PM
INFO: Creating Part ..:	C:\Users\mande\OneDrive - UGent\Documenten\Ugent 2025-2026\Ontwerp van slimme producten\Case 7\MINIUSBSHELL_step.prt


INFO: Summary of NX Entities

INFO: Entity Type                                                   Count
INFO: -----------                                                   ------
INFO: Solid/Sheet..............................................:	1
INFO:                                                              -------
INFO: Total                                                    :	1


INFO: Creating the NX Part:	19-Nov-2025 1:57:10 PM
INFO: Creating Part ..:	C:\Users\mande\OneDrive - UGent\Documenten\Ugent 2025-2026\Ontwerp van slimme producten\Case 7\MINIUSBCORE_step.prt


INFO: Summary of NX Entities

INFO: Entity Type                                                   Count
INFO: -----------                                                   ------
INFO: Solid/Sheet..............................................:	1
INFO:                                                              -------
INFO: Total                                                    :	1


INFO: Creating the NX Part:	19-Nov-2025 1:57:10 PM
INFO: Creating Part ..:	C:\Users\mande\OneDrive - UGent\Documenten\Ugent 2025-2026\Ontwerp van slimme producten\Case 7\MINI USB CONTACT_step.prt


INFO: Summary of NX Entities

INFO: Entity Type                                                   Count
INFO: -----------                                                   ------
INFO: Solid/Sheet..............................................:	1
INFO:                                                              -------
INFO: Total                                                    :	1


INFO: Creating the NX Part:	19-Nov-2025 1:57:10 PM
INFO: Creating Part ..:	C:\Users\mande\OneDrive - UGent\Documenten\Ugent 2025-2026\Ontwerp van slimme producten\Case 7\cap106C_step.prt


INFO: Summary of NX Entities

INFO: Entity Type                                                   Count
INFO: -----------                                                   ------
INFO: Solid/Sheet..............................................:	1
INFO:                                                              -------
INFO: Total                                                    :	1


INFO: Creating the NX Part:	19-Nov-2025 1:57:10 PM
INFO: Creating Part ..:	C:\Users\mande\OneDrive - UGent\Documenten\Ugent 2025-2026\Ontwerp van slimme producten\Case 7\reset button_step.prt


INFO: Summary of NX Entities

INFO: Entity Type                                                   Count
INFO: -----------                                                   ------
INFO: Component................................................:	2
INFO:                                                              -------
INFO: Total                                                    :	2


INFO: Creating the NX Part:	19-Nov-2025 1:57:11 PM
INFO: Creating Part ..:	C:\Users\mande\OneDrive - UGent\Documenten\Ugent 2025-2026\Ontwerp van slimme producten\Case 7\reset core_step.prt


INFO: Summary of NX Entities

INFO: Entity Type                                                   Count
INFO: -----------                                                   ------
INFO: Solid/Sheet..............................................:	1
INFO:                                                              -------
INFO: Total                                                    :	1


INFO: Creating the NX Part:	19-Nov-2025 1:57:11 PM
INFO: Creating Part ..:	C:\Users\mande\OneDrive - UGent\Documenten\Ugent 2025-2026\Ontwerp van slimme producten\Case 7\reset shell_step.prt


INFO: Summary of NX Entities

INFO: Entity Type                                                   Count
INFO: -----------                                                   ------
INFO: Solid/Sheet..............................................:	1
INFO:                                                              -------
INFO: Total                                                    :	1


INFO: Creating the NX Part:	19-Nov-2025 1:57:11 PM
INFO: Creating Part ..:	C:\Users\mande\OneDrive - UGent\Documenten\Ugent 2025-2026\Ontwerp van slimme producten\Case 7\nano - reg_step.prt


INFO: Summary of NX Entities

INFO: Entity Type                                                   Count
INFO: -----------                                                   ------
INFO: Solid/Sheet..............................................:	1
INFO:                                                              -------
INFO: Total                                                    :	1


INFO: Creating the NX Part:	19-Nov-2025 1:57:11 PM
INFO: Creating Part ..:	C:\Users\mande\OneDrive - UGent\Documenten\Ugent 2025-2026\Ontwerp van slimme producten\Case 7\NANO DIODE_step.prt


INFO: Summary of NX Entities

INFO: Entity Type                                                   Count
INFO: -----------                                                   ------
INFO: Solid/Sheet..............................................:	1
INFO:                                                              -------
INFO: Total                                                    :	1


INFO: Creating the NX Part:	19-Nov-2025 1:57:11 PM
INFO: Creating Part ..:	C:\Users\mande\OneDrive - UGent\Documenten\Ugent 2025-2026\Ontwerp van slimme producten\Case 7\189 RESISTOR PACK_step.prt


INFO: Summary of NX Entities

INFO: Entity Type                                                   Count
INFO: -----------                                                   ------
INFO: Solid/Sheet..............................................:	10
INFO:                                                              -------
INFO: Total                                                    :	10


INFO: Creating the NX Part:	19-Nov-2025 1:57:11 PM
INFO: Creating Part ..:	C:\Users\mande\OneDrive - UGent\Documenten\Ugent 2025-2026\Ontwerp van slimme producten\Case 7\102 RESISTOR PACK_step.prt


INFO: Summary of NX Entities

INFO: Entity Type                                                   Count
INFO: -----------                                                   ------
INFO: Solid/Sheet..............................................:	10
INFO:                                                              -------
INFO: Total                                                    :	10


INFO: Total number of solids/sheets created :		37


INFO: Number of Error Messages..........:	0
INFO: Number of Warning Messages........:	0


INFO: End of Translation:	19-Nov-2025 1:57:12 PM
